Containers:
  [+] MainContainer:
   |            ID: 0x0000000000000000
   |        Bounds: IsValid=false, Min=(X=0.000 Y=0.000 Z=0.000), Max=(X=0.000 Y=0.000 Z=0.000)
   |     Transform: 0.000000,0.000000,0.000000|0.000000,0.000000,-0.000000|1.000000,1.000000,1.000000
   |     Container: /Game/ThirdPerson/Maps/ThirdPersonMap
   |  ActorDescs:
   |      - Guid:0848733D406916F6630EBA9875F0F55E Class:StaticMeshActor Name:StaticMeshActor_UAID_18C04D02AE91394B01_1732591436 SpatiallyLoaded:true Bounds:IsValid=true, Min=(X=119.709 Y=605.838 Z=9.063), Max=(X=201.865 Y=686.740 Z=124.414) RuntimeGrid:None EditorOnly:false LevelBoundsRelevant:true HLODRelevant:true FolderPath:None FolderGuid:00000000000000000000000000000000 Parent:00000000000000000000000000000000
   |      - Guid:1AE788E5479D213D77CA9FA66A347901 Class:Actor Name:BP_House_C_UAID_00155D0CC703524901_1479947793 SpatiallyLoaded:true Bounds:IsValid=true, Min=(X=-430.000 Y=-1650.000 Z=-40.000), Max=(X=4500.000 Y=2770.000 Z=379.000) RuntimeGrid:None EditorOnly:false LevelBoundsRelevant:true HLODRelevant:false FolderPath:None FolderGuid:00000000000000000000000000000000 Parent:00000000000000000000000000000000
   |      - Guid:22A5D0794BB7BA8E8A343DA659ADE34E Class:Actor Name:BP_Death_Floor_C_UAID_18C04D02AE91444B01_1733376456 SpatiallyLoaded:true Bounds:IsValid=true, Min=(X=371.782 Y=16.957 Z=-58.650), Max=(X=508.218 Y=143.043 Z=18.650) RuntimeGrid:None EditorOnly:false LevelBoundsRelevant:true HLODRelevant:false FolderPath:None FolderGuid:00000000000000000000000000000000 Parent:00000000000000000000000000000000
   |      - Guid:2FB58999456391D349DC0F86DAC136ED Class:SkyLight Name:SkyLight_1 SpatiallyLoaded:false Bounds:IsValid=true, Min=(X=0.000 Y=0.000 Z=690.000), Max=(X=0.000 Y=0.000 Z=690.000) RuntimeGrid:None EditorOnly:false LevelBoundsRelevant:false HLODRelevant:false FolderPath:Lighting FolderGuid:963EC3EB4002CCE9759E2EBA541A873A Parent:00000000000000000000000000000000
   |      - Guid:316CF2A6494ACA4C0E4180A87D36AB8F Class:ExponentialHeightFog Name:ExponentialHeightFog_0 SpatiallyLoaded:false Bounds:IsValid=true, Min=(X=-5600.000 Y=-50.000 Z=-6850.000), Max=(X=-5600.000 Y=-50.000 Z=-6850.000) RuntimeGrid:None EditorOnly:false LevelBoundsRelevant:false HLODRelevant:false FolderPath:Lighting FolderGuid:963EC3EB4002CCE9759E2EBA541A873A Parent:00000000000000000000000000000000
   |      - Guid:3A00AA1C422CE54C0BDB60BAF471BFBB Class:PlayerStart Name:PlayerStart_0 SpatiallyLoaded:false Bounds:IsValid=true, Min=(X=630.000 Y=30.000 Z=-9.987), Max=(X=710.000 Y=110.000 Z=174.013) RuntimeGrid:None EditorOnly:false LevelBoundsRelevant:true HLODRelevant:false FolderPath:None FolderGuid:00000000000000000000000000000000 Parent:00000000000000000000000000000000
   |      - Guid:4D3BE93F4146AAAC8BBE79999D96D57F Class:VolumetricCloud Name:VolumetricCloud_0 SpatiallyLoaded:false Bounds:IsValid=true, Min=(X=0.000 Y=0.000 Z=820.000), Max=(X=0.000 Y=0.000 Z=820.000) RuntimeGrid:None EditorOnly:false LevelBoundsRelevant:false HLODRelevant:false FolderPath:Lighting FolderGuid:963EC3EB4002CCE9759E2EBA541A873A Parent:00000000000000000000000000000000
   |      - Guid:6BAF4DDD444C60371492D3919DB42C97 Class:WorldDataLayers Name:WorldDataLayers SpatiallyLoaded:false Bounds:IsValid=true, Min=(X=0.000 Y=0.000 Z=0.000), Max=(X=0.000 Y=0.000 Z=0.000) RuntimeGrid:None EditorOnly:false LevelBoundsRelevant:false HLODRelevant:false FolderPath:None FolderGuid:00000000000000000000000000000000 Parent:00000000000000000000000000000000
   |      - Guid:B785ED2844B84CFB91E7F39FE661CD99 Class:DirectionalLight Name:DirectionalLight_0 SpatiallyLoaded:false Bounds:IsValid=true, Min=(X=-1048576.000 Y=-1048576.000 Z=-1048576.000), Max=(X=1048576.000 Y=1048576.000 Z=1048576.000) RuntimeGrid:None EditorOnly:false LevelBoundsRelevant:false HLODRelevant:false FolderPath:Lighting FolderGuid:963EC3EB4002CCE9759E2EBA541A873A Parent:00000000000000000000000000000000
   |      - Guid:CCFF262C46EEFFDF319E7F9539CE697E Class:SkyAtmosphere Name:SkyAtmosphere_0 SpatiallyLoaded:false Bounds:IsValid=true, Min=(X=0.000 Y=0.000 Z=1020.000), Max=(X=0.000 Y=0.000 Z=1020.000) RuntimeGrid:None EditorOnly:false LevelBoundsRelevant:false HLODRelevant:false FolderPath:Lighting FolderGuid:963EC3EB4002CCE9759E2EBA541A873A Parent:00000000000000000000000000000000
   |      - Guid:CF03060E4179453A8FCDA781CB8672EE Class:StaticMeshActor Name:StaticMeshActor_UAID_18C04D02AE91394B01_1802264437 SpatiallyLoaded:true Bounds:IsValid=true, Min=(X=246.519 Y=685.775 Z=9.063), Max=(X=328.674 Y=766.676 Z=124.414) RuntimeGrid:None EditorOnly:false LevelBoundsRelevant:true HLODRelevant:true FolderPath:None FolderGuid:00000000000000000000000000000000 Parent:00000000000000000000000000000000
   |      - Guid:EC4E0C944CE6AC6E784BC6BB2916EA13 Class:StaticMeshActor Name:StaticMeshActor_UAID_A4AE111137DC5EFB00_1110535423 SpatiallyLoaded:true Bounds:IsValid=true, Min=(X=-1638400.000 Y=-1638400.000 Z=-1638400.000), Max=(X=1638400.000 Y=1638400.000 Z=1638400.000) RuntimeGrid:None EditorOnly:false LevelBoundsRelevant:true HLODRelevant:true FolderPath:Lighting FolderGuid:963EC3EB4002CCE9759E2EBA541A873A Parent:00000000000000000000000000000000
   |      - Guid:F5E3FEB3450C49844FD93DA8E083C8AD Class:PostProcessVolume Name:PostProcessVolume_0 SpatiallyLoaded:false Bounds:IsValid=true, Min=(X=0.000 Y=0.000 Z=400.000), Max=(X=200.000 Y=200.000 Z=600.000) RuntimeGrid:None EditorOnly:false LevelBoundsRelevant:false HLODRelevant:false FolderPath:Lighting FolderGuid:963EC3EB4002CCE9759E2EBA541A873A Parent:00000000000000000000000000000000
